

=== New Request at 2025-01-14 07:04:25.274320 ===
All request data: CombinedMultiDict([ImmutableMultiDict([]), ImmutableMultiDict([('SmsMessageSid', 'SM273b66d9c3c32ce8f72296c82a4f6539'), ('NumMedia', '0'), ('ProfileName', 'Sagar Y'), ('MessageType', 'text'), ('SmsSid', 'SM273b66d9c3c32ce8f72296c82a4f6539'), ('WaId', '919823623966'), ('SmsStatus', 'received'), ('Body', 'find Pic1'), ('To', 'whatsapp:+14155238886'), ('NumSegments', '1'), ('ReferralNumMedia', '0'), ('MessageSid', 'SM273b66d9c3c32ce8f72296c82a4f6539'), ('AccountSid', 'ACc02f635df0f15ee3e7f85279cf406b4c'), ('From', 'whatsapp:+919823623966'), ('ApiVersion', '2010-04-01')])])
Message: find pic1
Phone: whatsapp:+919823623966
Has Media: False
Processing find command

=== New Request at 2025-01-14 07:06:51.850930 ===
All request data: CombinedMultiDict([ImmutableMultiDict([]), ImmutableMultiDict([('SmsMessageSid', 'SM5399ce3ac0cb8822fdd5832f4e49fdde'), ('NumMedia', '0'), ('ProfileName', 'Sagar Y'), ('MessageType', 'text'), ('SmsSid', 'SM5399ce3ac0cb8822fdd5832f4e49fdde'), ('WaId', '919823623966'), ('SmsStatus', 'received'), ('Body', 'find Pic1'), ('To', 'whatsapp:+14155238886'), ('NumSegments', '1'), ('ReferralNumMedia', '0'), ('MessageSid', 'SM5399ce3ac0cb8822fdd5832f4e49fdde'), ('AccountSid', 'ACc02f635df0f15ee3e7f85279cf406b4c'), ('From', 'whatsapp:+919823623966'), ('ApiVersion', '2010-04-01')])])
Message: find pic1
Phone: whatsapp:+919823623966
Has Media: False
Processing find command

=== New Request at 2025-01-14 07:09:14.402115 ===
All request data: CombinedMultiDict([ImmutableMultiDict([]), ImmutableMultiDict([('SmsMessageSid', 'SMc478c2ac99e2315e2ac4241808de3c12'), ('NumMedia', '0'), ('ProfileName', 'Sagar Y'), ('MessageType', 'text'), ('SmsSid', 'SMc478c2ac99e2315e2ac4241808de3c12'), ('WaId', '919823623966'), ('SmsStatus', 'received'), ('Body', 'find Pic1'), ('To', 'whatsapp:+14155238886'), ('NumSegments', '1'), ('ReferralNumMedia', '0'), ('MessageSid', 'SMc478c2ac99e2315e2ac4241808de3c12'), ('AccountSid', 'ACc02f635df0f15ee3e7f85279cf406b4c'), ('From', 'whatsapp:+919823623966'), ('ApiVersion', '2010-04-01')])])
Message: find pic1
Phone: whatsapp:+919823623966
Has Media: False
Processing find command
Query: pic1
All docs in DB: []
Retrieved: file_data=False, filename=None, content_type=None

=== New Request at 2025-01-14 07:10:31.066013 ===
All request data: CombinedMultiDict([ImmutableMultiDict([]), ImmutableMultiDict([('SmsMessageSid', 'SM9fa21cdd33187906c09ef95ea276efc4'), ('NumMedia', '0'), ('ProfileName', 'Sagar Y'), ('MessageType', 'text'), ('SmsSid', 'SM9fa21cdd33187906c09ef95ea276efc4'), ('WaId', '919823623966'), ('SmsStatus', 'received'), ('Body', 'find Pic1'), ('To', 'whatsapp:+14155238886'), ('NumSegments', '1'), ('ReferralNumMedia', '0'), ('MessageSid', 'SM9fa21cdd33187906c09ef95ea276efc4'), ('AccountSid', 'ACc02f635df0f15ee3e7f85279cf406b4c'), ('From', 'whatsapp:+919823623966'), ('ApiVersion', '2010-04-01')])])
Message: find pic1
Phone: whatsapp:+919823623966
Has Media: False
Processing find command
Query: pic1
All docs in DB: []
Retrieved: file_data=False, filename=None, content_type=None

=== New Request at 2025-01-14 07:10:41.282953 ===
All request data: CombinedMultiDict([ImmutableMultiDict([]), ImmutableMultiDict([('SmsMessageSid', 'SMd9e2855c8e72520195964d62428a8ff8'), ('NumMedia', '0'), ('ProfileName', 'Sagar Y'), ('MessageType', 'text'), ('SmsSid', 'SMd9e2855c8e72520195964d62428a8ff8'), ('WaId', '919823623966'), ('SmsStatus', 'received'), ('Body', 'Hi'), ('To', 'whatsapp:+14155238886'), ('NumSegments', '1'), ('ReferralNumMedia', '0'), ('MessageSid', 'SMd9e2855c8e72520195964d62428a8ff8'), ('AccountSid', 'ACc02f635df0f15ee3e7f85279cf406b4c'), ('From', 'whatsapp:+919823623966'), ('ApiVersion', '2010-04-01')])])
Message: hi
Phone: whatsapp:+919823623966
Has Media: False

=== New Request at 2025-01-14 07:13:59.245734 ===
All request data: CombinedMultiDict([ImmutableMultiDict([]), ImmutableMultiDict([('SmsMessageSid', 'SMa147986bc7cdd7f53713148a88c03525'), ('NumMedia', '0'), ('ProfileName', 'Sagar Y'), ('MessageType', 'text'), ('SmsSid', 'SMa147986bc7cdd7f53713148a88c03525'), ('WaId', '919823623966'), ('SmsStatus', 'received'), ('Body', 'Hi'), ('To', 'whatsapp:+14155238886'), ('NumSegments', '1'), ('ReferralNumMedia', '0'), ('MessageSid', 'SMa147986bc7cdd7f53713148a88c03525'), ('AccountSid', 'ACc02f635df0f15ee3e7f85279cf406b4c'), ('From', 'whatsapp:+919823623966'), ('ApiVersion', '2010-04-01')])])
Message: hi
Phone: whatsapp:+919823623966
Has Media: False

=== New Request at 2025-01-14 07:21:10.772224 ===
All request data: CombinedMultiDict([ImmutableMultiDict([]), ImmutableMultiDict([('SmsMessageSid', 'SM6d956801bc3687e7d4cfd4a01493560a'), ('NumMedia', '0'), ('ProfileName', 'Sagar Y'), ('MessageType', 'text'), ('SmsSid', 'SM6d956801bc3687e7d4cfd4a01493560a'), ('WaId', '919823623966'), ('SmsStatus', 'received'), ('Body', 'find Pic1'), ('To', 'whatsapp:+14155238886'), ('NumSegments', '1'), ('ReferralNumMedia', '0'), ('MessageSid', 'SM6d956801bc3687e7d4cfd4a01493560a'), ('AccountSid', 'ACc02f635df0f15ee3e7f85279cf406b4c'), ('From', 'whatsapp:+919823623966'), ('ApiVersion', '2010-04-01')])])
Message: find pic1
Phone: whatsapp:+919823623966
Has Media: False
Processing find command
Query: pic1
All docs in DB: []
Retrieved: file_data=False, filename=None, content_type=None

=== New Request at 2025-01-14 08:23:12.468908 ===
All request data: CombinedMultiDict([ImmutableMultiDict([]), ImmutableMultiDict([('SmsMessageSid', 'SMdd56fc3ce450e8fe3f75603b83e12a68'), ('NumMedia', '0'), ('ProfileName', 'Anurag'), ('MessageType', 'text'), ('SmsSid', 'SMdd56fc3ce450e8fe3f75603b83e12a68'), ('WaId', '919886842992'), ('SmsStatus', 'received'), ('Body', 'Hi'), ('To', 'whatsapp:+14155238886'), ('NumSegments', '1'), ('ReferralNumMedia', '0'), ('MessageSid', 'SMdd56fc3ce450e8fe3f75603b83e12a68'), ('AccountSid', 'ACc02f635df0f15ee3e7f85279cf406b4c'), ('From', 'whatsapp:+919886842992'), ('ApiVersion', '2010-04-01')])])
Message: hi
Phone: whatsapp:+919886842992
Has Media: False

=== New Request at 2025-01-14 12:23:52.766610 ===
All request data: CombinedMultiDict([ImmutableMultiDict([]), ImmutableMultiDict([('SmsMessageSid', 'SMc43bf1544de7e5111e437063e4831107'), ('NumMedia', '0'), ('ProfileName', 'Sagar Y'), ('MessageType', 'text'), ('SmsSid', 'SMc43bf1544de7e5111e437063e4831107'), ('WaId', '919823623966'), ('SmsStatus', 'received'), ('Body', 'Hi'), ('To', 'whatsapp:+14155238886'), ('NumSegments', '1'), ('ReferralNumMedia', '0'), ('MessageSid', 'SMc43bf1544de7e5111e437063e4831107'), ('AccountSid', 'ACc02f635df0f15ee3e7f85279cf406b4c'), ('From', 'whatsapp:+919823623966'), ('ApiVersion', '2010-04-01')])])

=== New Request at 2025-01-14 12:24:00.747263 ===
All request data: CombinedMultiDict([ImmutableMultiDict([]), ImmutableMultiDict([('SmsMessageSid', 'SM7fd36379081fbd241be88335b48c42d4'), ('NumMedia', '0'), ('ProfileName', 'Sagar Y'), ('MessageType', 'text'), ('SmsSid', 'SM7fd36379081fbd241be88335b48c42d4'), ('WaId', '919823623966'), ('SmsStatus', 'received'), ('Body', 'find Pic1'), ('To', 'whatsapp:+14155238886'), ('NumSegments', '1'), ('ReferralNumMedia', '0'), ('MessageSid', 'SM7fd36379081fbd241be88335b48c42d4'), ('AccountSid', 'ACc02f635df0f15ee3e7f85279cf406b4c'), ('From', 'whatsapp:+919823623966'), ('ApiVersion', '2010-04-01')])])
Processing find command

=== New Request at 2025-01-14 12:24:17.661099 ===
All request data: CombinedMultiDict([ImmutableMultiDict([]), ImmutableMultiDict([('MediaContentType0', 'image/jpeg'), ('SmsMessageSid', 'MM040ebfc730c4388e4517114417483387'), ('NumMedia', '1'), ('ProfileName', 'Sagar Y'), ('MessageType', 'image'), ('SmsSid', 'MM040ebfc730c4388e4517114417483387'), ('WaId', '919823623966'), ('SmsStatus', 'received'), ('Body', 'Pic1'), ('To', 'whatsapp:+14155238886'), ('NumSegments', '1'), ('ReferralNumMedia', '0'), ('MessageSid', 'MM040ebfc730c4388e4517114417483387'), ('AccountSid', 'ACc02f635df0f15ee3e7f85279cf406b4c'), ('From', 'whatsapp:+919823623966'), ('MediaUrl0', 'https://api.twilio.com/2010-04-01/Accounts/ACc02f635df0f15ee3e7f85279cf406b4c/Messages/MM040ebfc730c4388e4517114417483387/Media/ME6d5ef1b4add7e6f9b0a03d49fea1f1e2'), ('ApiVersion', '2010-04-01')])])

=== New Request at 2025-01-14 12:27:44.364797 ===
All request data: CombinedMultiDict([ImmutableMultiDict([]), ImmutableMultiDict([('MediaContentType0', 'image/jpeg'), ('SmsMessageSid', 'MM6300debc8d12f9c06b43bbbf8f6bcce5'), ('NumMedia', '1'), ('ProfileName', 'Sagar Y'), ('MessageType', 'image'), ('SmsSid', 'MM6300debc8d12f9c06b43bbbf8f6bcce5'), ('WaId', '919823623966'), ('SmsStatus', 'received'), ('Body', 'Pic1'), ('To', 'whatsapp:+14155238886'), ('NumSegments', '1'), ('ReferralNumMedia', '0'), ('MessageSid', 'MM6300debc8d12f9c06b43bbbf8f6bcce5'), ('AccountSid', 'ACc02f635df0f15ee3e7f85279cf406b4c'), ('From', 'whatsapp:+919823623966'), ('MediaUrl0', 'https://api.twilio.com/2010-04-01/Accounts/ACc02f635df0f15ee3e7f85279cf406b4c/Messages/MM6300debc8d12f9c06b43bbbf8f6bcce5/Media/ME6b232aefd5f5639601a0807b4a09cfea'), ('ApiVersion', '2010-04-01')])])

=== New Request at 2025-01-14 12:28:08.266261 ===
All request data: CombinedMultiDict([ImmutableMultiDict([]), ImmutableMultiDict([('MediaContentType0', 'image/jpeg'), ('SmsMessageSid', 'MM49f39a1186ac2d1db427c7b08b61a67a'), ('NumMedia', '1'), ('ProfileName', 'Sagar Y'), ('MessageType', 'image'), ('SmsSid', 'MM49f39a1186ac2d1db427c7b08b61a67a'), ('WaId', '919823623966'), ('SmsStatus', 'received'), ('Body', 'Pic1'), ('To', 'whatsapp:+14155238886'), ('NumSegments', '1'), ('ReferralNumMedia', '0'), ('MessageSid', 'MM49f39a1186ac2d1db427c7b08b61a67a'), ('AccountSid', 'ACc02f635df0f15ee3e7f85279cf406b4c'), ('From', 'whatsapp:+919823623966'), ('MediaUrl0', 'https://api.twilio.com/2010-04-01/Accounts/ACc02f635df0f15ee3e7f85279cf406b4c/Messages/MM49f39a1186ac2d1db427c7b08b61a67a/Media/MEc6f316f920713af1324044d197e4506e'), ('ApiVersion', '2010-04-01')])])

=== New Request at 2025-01-14 12:28:23.366916 ===
All request data: CombinedMultiDict([ImmutableMultiDict([]), ImmutableMultiDict([('MediaContentType0', 'image/jpeg'), ('SmsMessageSid', 'MM5225bd2b381af5d07296ed8b118ce2ac'), ('NumMedia', '1'), ('ProfileName', 'Sagar Y'), ('MessageType', 'image'), ('SmsSid', 'MM5225bd2b381af5d07296ed8b118ce2ac'), ('WaId', '919823623966'), ('SmsStatus', 'received'), ('Body', 'Pic1'), ('To', 'whatsapp:+14155238886'), ('NumSegments', '1'), ('ReferralNumMedia', '0'), ('MessageSid', 'MM5225bd2b381af5d07296ed8b118ce2ac'), ('AccountSid', 'ACc02f635df0f15ee3e7f85279cf406b4c'), ('From', 'whatsapp:+919823623966'), ('MediaUrl0', 'https://api.twilio.com/2010-04-01/Accounts/ACc02f635df0f15ee3e7f85279cf406b4c/Messages/MM5225bd2b381af5d07296ed8b118ce2ac/Media/MEb7526f33ea18fae8a8010e77026a7e71'), ('ApiVersion', '2010-04-01')])])

=== New Request at 2025-01-14 12:28:44.686813 ===
All request data: CombinedMultiDict([ImmutableMultiDict([]), ImmutableMultiDict([('SmsMessageSid', 'SMadd45315dc99417e1da531ac3fda00a5'), ('NumMedia', '0'), ('ProfileName', 'Sagar Y'), ('MessageType', 'text'), ('SmsSid', 'SMadd45315dc99417e1da531ac3fda00a5'), ('WaId', '919823623966'), ('SmsStatus', 'received'), ('Body', 'Hi'), ('To', 'whatsapp:+14155238886'), ('NumSegments', '1'), ('ReferralNumMedia', '0'), ('MessageSid', 'SMadd45315dc99417e1da531ac3fda00a5'), ('AccountSid', 'ACc02f635df0f15ee3e7f85279cf406b4c'), ('From', 'whatsapp:+919823623966'), ('ApiVersion', '2010-04-01')])])

=== New Request at 2025-01-14 12:32:31.935623 ===
All request data: CombinedMultiDict([ImmutableMultiDict([]), ImmutableMultiDict([('SmsMessageSid', 'SM3170dc0dcde265adc5c3a91a71ecf466'), ('NumMedia', '0'), ('ProfileName', 'Sagar Y'), ('MessageType', 'text'), ('SmsSid', 'SM3170dc0dcde265adc5c3a91a71ecf466'), ('WaId', '919823623966'), ('SmsStatus', 'received'), ('Body', 'Hi'), ('To', 'whatsapp:+14155238886'), ('NumSegments', '1'), ('ReferralNumMedia', '0'), ('MessageSid', 'SM3170dc0dcde265adc5c3a91a71ecf466'), ('AccountSid', 'ACc02f635df0f15ee3e7f85279cf406b4c'), ('From', 'whatsapp:+919823623966'), ('ApiVersion', '2010-04-01')])])

=== New Request at 2025-01-14 12:46:09.205343 ===
All request data: CombinedMultiDict([ImmutableMultiDict([]), ImmutableMultiDict([('SmsMessageSid', 'SM37519aeff209735b2845bdd5e0935d8e'), ('NumMedia', '0'), ('ProfileName', 'Sagar Y'), ('MessageType', 'text'), ('SmsSid', 'SM37519aeff209735b2845bdd5e0935d8e'), ('WaId', '919823623966'), ('SmsStatus', 'received'), ('Body', 'Hi'), ('To', 'whatsapp:+14155238886'), ('NumSegments', '1'), ('ReferralNumMedia', '0'), ('MessageSid', 'SM37519aeff209735b2845bdd5e0935d8e'), ('AccountSid', 'ACc02f635df0f15ee3e7f85279cf406b4c'), ('From', 'whatsapp:+919823623966'), ('ApiVersion', '2010-04-01')])])

=== New Request at 2025-01-14 12:46:32.096583 ===
All request data: CombinedMultiDict([ImmutableMultiDict([]), ImmutableMultiDict([('MediaContentType0', 'image/jpeg'), ('SmsMessageSid', 'MM5fcbbcc32d2a4106c1ca906dac8b0246'), ('NumMedia', '1'), ('ProfileName', 'Sagar Y'), ('MessageType', 'image'), ('SmsSid', 'MM5fcbbcc32d2a4106c1ca906dac8b0246'), ('WaId', '919823623966'), ('SmsStatus', 'received'), ('Body', 'Pic2'), ('To', 'whatsapp:+14155238886'), ('NumSegments', '1'), ('ReferralNumMedia', '0'), ('MessageSid', 'MM5fcbbcc32d2a4106c1ca906dac8b0246'), ('AccountSid', 'ACc02f635df0f15ee3e7f85279cf406b4c'), ('From', 'whatsapp:+919823623966'), ('MediaUrl0', 'https://api.twilio.com/2010-04-01/Accounts/ACc02f635df0f15ee3e7f85279cf406b4c/Messages/MM5fcbbcc32d2a4106c1ca906dac8b0246/Media/MEee4888ff413b153e898ee23a3b85fbaf'), ('ApiVersion', '2010-04-01')])])

=== New Request at 2025-01-14 12:49:21.012481 ===
All request data: CombinedMultiDict([ImmutableMultiDict([]), ImmutableMultiDict([('MediaContentType0', 'image/jpeg'), ('SmsMessageSid', 'MMc392578540021aad0db9abaaa4ada8ad'), ('NumMedia', '1'), ('ProfileName', 'Sagar Y'), ('MessageType', 'image'), ('SmsSid', 'MMc392578540021aad0db9abaaa4ada8ad'), ('WaId', '919823623966'), ('SmsStatus', 'received'), ('Body', 'Pic2'), ('To', 'whatsapp:+14155238886'), ('NumSegments', '1'), ('ReferralNumMedia', '0'), ('MessageSid', 'MMc392578540021aad0db9abaaa4ada8ad'), ('AccountSid', 'ACc02f635df0f15ee3e7f85279cf406b4c'), ('From', 'whatsapp:+919823623966'), ('MediaUrl0', 'https://api.twilio.com/2010-04-01/Accounts/ACc02f635df0f15ee3e7f85279cf406b4c/Messages/MMc392578540021aad0db9abaaa4ada8ad/Media/MEfec69790864e552b2cd10fcfaba454d3'), ('ApiVersion', '2010-04-01')])])

=== New Request at 2025-01-14 13:08:17.062734 ===
All request data: CombinedMultiDict([ImmutableMultiDict([]), ImmutableMultiDict([('SmsMessageSid', 'SM776134189b8b7bdef9491eaf4a44402b'), ('NumMedia', '0'), ('ProfileName', 'Sagar Y'), ('MessageType', 'text'), ('SmsSid', 'SM776134189b8b7bdef9491eaf4a44402b'), ('WaId', '919823623966'), ('SmsStatus', 'received'), ('Body', 'Hi'), ('To', 'whatsapp:+14155238886'), ('NumSegments', '1'), ('ReferralNumMedia', '0'), ('MessageSid', 'SM776134189b8b7bdef9491eaf4a44402b'), ('AccountSid', 'ACc02f635df0f15ee3e7f85279cf406b4c'), ('From', 'whatsapp:+919823623966'), ('ApiVersion', '2010-04-01')])])

=== New Request at 2025-01-14 13:08:32.383417 ===
All request data: CombinedMultiDict([ImmutableMultiDict([]), ImmutableMultiDict([('MediaContentType0', 'image/jpeg'), ('SmsMessageSid', 'MMc738a1d2f5dd23cee646b4e5aa6b9cb2'), ('NumMedia', '1'), ('ProfileName', 'Sagar Y'), ('MessageType', 'image'), ('SmsSid', 'MMc738a1d2f5dd23cee646b4e5aa6b9cb2'), ('WaId', '919823623966'), ('SmsStatus', 'received'), ('Body', 'Pic2'), ('To', 'whatsapp:+14155238886'), ('NumSegments', '1'), ('ReferralNumMedia', '0'), ('MessageSid', 'MMc738a1d2f5dd23cee646b4e5aa6b9cb2'), ('AccountSid', 'ACc02f635df0f15ee3e7f85279cf406b4c'), ('From', 'whatsapp:+919823623966'), ('MediaUrl0', 'https://api.twilio.com/2010-04-01/Accounts/ACc02f635df0f15ee3e7f85279cf406b4c/Messages/MMc738a1d2f5dd23cee646b4e5aa6b9cb2/Media/MEc1161478e0c47e67db5abee3da739090'), ('ApiVersion', '2010-04-01')])])

=== New Request at 2025-01-14 13:56:02.776137 ===
All request data: CombinedMultiDict([ImmutableMultiDict([]), ImmutableMultiDict([('MediaContentType0', 'image/jpeg'), ('SmsMessageSid', 'MM57505ab918e063393987945d16d451e4'), ('NumMedia', '1'), ('ProfileName', 'Sagar Y'), ('MessageType', 'image'), ('SmsSid', 'MM57505ab918e063393987945d16d451e4'), ('WaId', '919823623966'), ('SmsStatus', 'received'), ('Body', 'Pic2'), ('To', 'whatsapp:+14155238886'), ('NumSegments', '1'), ('ReferralNumMedia', '0'), ('MessageSid', 'MM57505ab918e063393987945d16d451e4'), ('AccountSid', 'ACc02f635df0f15ee3e7f85279cf406b4c'), ('From', 'whatsapp:+919823623966'), ('MediaUrl0', 'https://api.twilio.com/2010-04-01/Accounts/ACc02f635df0f15ee3e7f85279cf406b4c/Messages/MM57505ab918e063393987945d16d451e4/Media/ME64c83046fd651bda5018a4444b2f2bf9'), ('ApiVersion', '2010-04-01')])])

=== New Request at 2025-01-14 13:56:16.773645 ===
All request data: CombinedMultiDict([ImmutableMultiDict([]), ImmutableMultiDict([('SmsMessageSid', 'SM3a699dbe088701110b9f6f4cc25c5839'), ('NumMedia', '0'), ('ProfileName', 'Sagar Y'), ('MessageType', 'text'), ('SmsSid', 'SM3a699dbe088701110b9f6f4cc25c5839'), ('WaId', '919823623966'), ('SmsStatus', 'received'), ('Body', 'find Pic2'), ('To', 'whatsapp:+14155238886'), ('NumSegments', '1'), ('ReferralNumMedia', '0'), ('MessageSid', 'SM3a699dbe088701110b9f6f4cc25c5839'), ('AccountSid', 'ACc02f635df0f15ee3e7f85279cf406b4c'), ('From', 'whatsapp:+919823623966'), ('ApiVersion', '2010-04-01')])])

=== New Request at 2025-01-14 14:04:38.406518 ===
All request data: CombinedMultiDict([ImmutableMultiDict([]), ImmutableMultiDict([('MediaContentType0', 'application/pdf'), ('SmsMessageSid', 'MM34e4b1a5e7f5facbd965b9d64bcb5e5b'), ('NumMedia', '1'), ('ProfileName', 'Sagar Y'), ('MessageType', 'document'), ('SmsSid', 'MM34e4b1a5e7f5facbd965b9d64bcb5e5b'), ('WaId', '919823623966'), ('SmsStatus', 'received'), ('Body', ''), ('To', 'whatsapp:+14155238886'), ('NumSegments', '1'), ('ReferralNumMedia', '0'), ('MessageSid', 'MM34e4b1a5e7f5facbd965b9d64bcb5e5b'), ('AccountSid', 'ACc02f635df0f15ee3e7f85279cf406b4c'), ('From', 'whatsapp:+919823623966'), ('MediaUrl0', 'https://api.twilio.com/2010-04-01/Accounts/ACc02f635df0f15ee3e7f85279cf406b4c/Messages/MM34e4b1a5e7f5facbd965b9d64bcb5e5b/Media/ME01cb249b9a9c44f543ada35feadece03'), ('ApiVersion', '2010-04-01')])])

=== New Request at 2025-01-14 14:04:50.691260 ===
All request data: CombinedMultiDict([ImmutableMultiDict([]), ImmutableMultiDict([('SmsMessageSid', 'SMbeb13873629a535e1ff3e932d40d0792'), ('NumMedia', '0'), ('ProfileName', 'Sagar Y'), ('MessageType', 'text'), ('SmsSid', 'SMbeb13873629a535e1ff3e932d40d0792'), ('WaId', '919823623966'), ('SmsStatus', 'received'), ('Body', 'Goodgudi investor update Dec 2024'), ('To', 'whatsapp:+14155238886'), ('NumSegments', '1'), ('ReferralNumMedia', '0'), ('MessageSid', 'SMbeb13873629a535e1ff3e932d40d0792'), ('AccountSid', 'ACc02f635df0f15ee3e7f85279cf406b4c'), ('From', 'whatsapp:+919823623966'), ('ApiVersion', '2010-04-01')])])

=== New Request at 2025-01-14 14:05:06.259189 ===
All request data: CombinedMultiDict([ImmutableMultiDict([]), ImmutableMultiDict([('SmsMessageSid', 'SMe58e525d3095816a7cd3b364e7072c89'), ('NumMedia', '0'), ('ProfileName', 'Sagar Y'), ('MessageType', 'text'), ('SmsSid', 'SMe58e525d3095816a7cd3b364e7072c89'), ('WaId', '919823623966'), ('SmsStatus', 'received'), ('Body', 'find Goodgudi Dec update'), ('To', 'whatsapp:+14155238886'), ('NumSegments', '1'), ('ReferralNumMedia', '0'), ('MessageSid', 'SMe58e525d3095816a7cd3b364e7072c89'), ('AccountSid', 'ACc02f635df0f15ee3e7f85279cf406b4c'), ('From', 'whatsapp:+919823623966'), ('ApiVersion', '2010-04-01')])])